29-Jan-2025 10:35:42.675 INFOS [main] org.apache.catalina.core.ApplicationContext.log ContextListener: contextInitialized()
29-Jan-2025 10:35:42.675 INFOS [main] org.apache.catalina.core.ApplicationContext.log SessionListener: contextInitialized()
29-Jan-2025 10:35:42.676 INFOS [main] org.apache.catalina.core.ApplicationContext.log ContextListener: attributeAdded('StockTicker', 'async.Stockticker@6bab2585')
29-Jan-2025 10:47:04.401 INFOS [Catalina-utility-1] org.apache.catalina.core.ApplicationContext.log SessionListener: contextDestroyed()
29-Jan-2025 10:47:04.401 INFOS [Catalina-utility-1] org.apache.catalina.core.ApplicationContext.log ContextListener: contextDestroyed()
29-Jan-2025 10:47:29.836 INFOS [main] org.apache.catalina.core.ApplicationContext.log ContextListener: contextInitialized()
29-Jan-2025 10:47:29.836 INFOS [main] org.apache.catalina.core.ApplicationContext.log SessionListener: contextInitialized()
29-Jan-2025 10:47:29.837 INFOS [main] org.apache.catalina.core.ApplicationContext.log ContextListener: attributeAdded('StockTicker', 'async.Stockticker@5af28b27')
29-Jan-2025 10:47:29.881 INFOS [main] org.apache.catalina.core.ApplicationContext.log SessionListener: contextDestroyed()
29-Jan-2025 10:47:29.881 INFOS [main] org.apache.catalina.core.ApplicationContext.log ContextListener: contextDestroyed()
29-Jan-2025 10:57:15.056 INFOS [main] org.apache.catalina.core.ApplicationContext.log ContextListener: contextInitialized()
29-Jan-2025 10:57:15.056 INFOS [main] org.apache.catalina.core.ApplicationContext.log SessionListener: contextInitialized()
29-Jan-2025 10:57:15.057 INFOS [main] org.apache.catalina.core.ApplicationContext.log ContextListener: attributeAdded('StockTicker', 'async.Stockticker@21c64522')
29-Jan-2025 10:57:15.105 INFOS [main] org.apache.catalina.core.ApplicationContext.log SessionListener: contextDestroyed()
29-Jan-2025 10:57:15.105 INFOS [main] org.apache.catalina.core.ApplicationContext.log ContextListener: contextDestroyed()
29-Jan-2025 11:01:40.189 INFOS [main] org.apache.catalina.core.ApplicationContext.log ContextListener: contextInitialized()
29-Jan-2025 11:01:40.189 INFOS [main] org.apache.catalina.core.ApplicationContext.log SessionListener: contextInitialized()
29-Jan-2025 11:01:40.190 INFOS [main] org.apache.catalina.core.ApplicationContext.log ContextListener: attributeAdded('StockTicker', 'async.Stockticker@4a3e3e8b')
29-Jan-2025 11:01:40.249 INFOS [main] org.apache.catalina.core.ApplicationContext.log SessionListener: contextDestroyed()
29-Jan-2025 11:01:40.249 INFOS [main] org.apache.catalina.core.ApplicationContext.log ContextListener: contextDestroyed()
29-Jan-2025 11:05:19.036 INFOS [main] org.apache.catalina.core.ApplicationContext.log ContextListener: contextInitialized()
29-Jan-2025 11:05:19.036 INFOS [main] org.apache.catalina.core.ApplicationContext.log SessionListener: contextInitialized()
29-Jan-2025 11:05:19.037 INFOS [main] org.apache.catalina.core.ApplicationContext.log ContextListener: attributeAdded('StockTicker', 'async.Stockticker@55f3c410')
29-Jan-2025 11:05:19.086 INFOS [main] org.apache.catalina.core.ApplicationContext.log SessionListener: contextDestroyed()
29-Jan-2025 11:05:19.086 INFOS [main] org.apache.catalina.core.ApplicationContext.log ContextListener: contextDestroyed()
29-Jan-2025 11:07:37.267 INFOS [main] org.apache.catalina.core.ApplicationContext.log ContextListener: contextInitialized()
29-Jan-2025 11:07:37.267 INFOS [main] org.apache.catalina.core.ApplicationContext.log SessionListener: contextInitialized()
29-Jan-2025 11:07:37.268 INFOS [main] org.apache.catalina.core.ApplicationContext.log ContextListener: attributeAdded('StockTicker', 'async.Stockticker@6bab2585')
29-Jan-2025 11:24:13.852 INFOS [main] org.apache.catalina.core.ApplicationContext.log SessionListener: contextDestroyed()
29-Jan-2025 11:24:13.852 INFOS [main] org.apache.catalina.core.ApplicationContext.log ContextListener: contextDestroyed()
29-Jan-2025 11:24:34.286 INFOS [main] org.apache.catalina.core.ApplicationContext.log ContextListener: contextInitialized()
29-Jan-2025 11:24:34.287 INFOS [main] org.apache.catalina.core.ApplicationContext.log SessionListener: contextInitialized()
29-Jan-2025 11:24:34.287 INFOS [main] org.apache.catalina.core.ApplicationContext.log ContextListener: attributeAdded('StockTicker', 'async.Stockticker@2c95ac9e')
29-Jan-2025 11:25:52.691 INFOS [main] org.apache.catalina.core.ApplicationContext.log SessionListener: contextDestroyed()
29-Jan-2025 11:25:52.691 INFOS [main] org.apache.catalina.core.ApplicationContext.log ContextListener: contextDestroyed()
29-Jan-2025 11:26:00.000 INFOS [main] org.apache.catalina.core.ApplicationContext.log ContextListener: contextInitialized()
29-Jan-2025 11:26:00.000 INFOS [main] org.apache.catalina.core.ApplicationContext.log SessionListener: contextInitialized()
29-Jan-2025 11:26:00.001 INFOS [main] org.apache.catalina.core.ApplicationContext.log ContextListener: attributeAdded('StockTicker', 'async.Stockticker@6bab2585')
29-Jan-2025 11:31:00.089 INFOS [main] org.apache.catalina.core.ApplicationContext.log SessionListener: contextDestroyed()
29-Jan-2025 11:31:00.089 INFOS [main] org.apache.catalina.core.ApplicationContext.log ContextListener: contextDestroyed()
29-Jan-2025 11:31:03.775 INFOS [main] org.apache.catalina.core.ApplicationContext.log ContextListener: contextInitialized()
29-Jan-2025 11:31:03.775 INFOS [main] org.apache.catalina.core.ApplicationContext.log SessionListener: contextInitialized()
29-Jan-2025 11:31:03.776 INFOS [main] org.apache.catalina.core.ApplicationContext.log ContextListener: attributeAdded('StockTicker', 'async.Stockticker@1922e6d')
29-Jan-2025 12:47:25.349 INFOS [Catalina-utility-1] org.apache.catalina.core.ApplicationContext.log SessionListener: contextDestroyed()
29-Jan-2025 12:47:25.349 INFOS [Catalina-utility-1] org.apache.catalina.core.ApplicationContext.log ContextListener: contextDestroyed()
